{
  "stats": {
    "suites": 1,
    "tests": 1,
    "passes": 1,
    "pending": 0,
    "failures": 0,
    "start": "2023-12-29T00:44:17.309Z",
    "end": "2023-12-29T00:44:21.432Z",
    "duration": 4123,
    "testsRegistered": 1,
    "passPercent": 100,
    "pendingPercent": 0,
    "other": 0,
    "hasOther": false,
    "skipped": 0,
    "hasSkipped": false
  },
  "results": [
    {
      "uuid": "0a632d30-3a21-4fd1-a537-e0a44624b0db",
      "title": "",
      "fullFile": "cypress\\e2e\\Testcases\\TC8_LoginwithScreen_Width.spec.cy.js",
      "file": "cypress\\e2e\\Testcases\\TC8_LoginwithScreen_Width.spec.cy.js",
      "beforeHooks": [],
      "afterHooks": [],
      "tests": [],
      "suites": [
        {
          "uuid": "9a74cf77-3216-492c-aec8-d863045bff50",
          "title": "Login with screen width less than 1060px",
          "fullFile": "",
          "file": "",
          "beforeHooks": [],
          "afterHooks": [],
          "tests": [
            {
              "title": "should log in with screen width less than 1060px",
              "fullTitle": "Login with screen width less than 1060px should log in with screen width less than 1060px",
              "timedOut": null,
              "duration": 1663,
              "state": "passed",
              "speed": "fast",
              "pass": true,
              "fail": false,
              "pending": false,
              "context": null,
              "code": "// Set the screen width to less than 1060px\n_LoginwithScreenPage.default.ScreenWidth();\n// Visit the Sauce Demo website\n_LoginPage.default.visit();\n// Wait for the #user-name element to be visible\n_LoginwithScreenPage.default.ElementVisible;\n// Log in with valid credentials\n_LoginPage.default.setUsername();\n_LoginPage.default.setPassword();\n_LoginPage.default.clickLoginButton();\n// Verify that the user is logged in\n_LoginwithScreenPage.default.UserIsLoggedIn();",
              "err": {},
              "uuid": "e5a54bf0-50bd-40b0-9891-f23be802db32",
              "parentUUID": "9a74cf77-3216-492c-aec8-d863045bff50",
              "isHook": false,
              "skipped": false
            }
          ],
          "suites": [],
          "passes": [
            "e5a54bf0-50bd-40b0-9891-f23be802db32"
          ],
          "failures": [],
          "pending": [],
          "skipped": [],
          "duration": 1663,
          "root": false,
          "rootEmpty": false,
          "_timeout": 2000
        }
      ],
      "passes": [],
      "failures": [],
      "pending": [],
      "skipped": [],
      "duration": 0,
      "root": true,
      "rootEmpty": true,
      "_timeout": 2000
    }
  ],
  "meta": {
    "mocha": {
      "version": "7.0.1"
    },
    "mochawesome": {
      "options": {
        "quiet": false,
        "reportFilename": "mochawesome",
        "saveHtml": true,
        "saveJson": true,
        "consoleReporter": "spec",
        "useInlineDiffs": false,
        "code": true
      },
      "version": "7.1.3"
    },
    "marge": {
      "options": null,
      "version": "6.2.0"
    }
  }
}